
9월 03, 2018 24:32:10.26 NEW SESSION
9월 03, 2018 24:32:10.26 Unable to read VR Path Registry from C:\Users\ph\AppData\Local\openvr\openvrpaths.vrpath
9월 03, 2018 24:32:57.37 
9월 03, 2018 24:32:57.37 KLIB_SelfTest return : KLR_OK
9월 03, 2018 24:33:07.62 [15224:14832:0903/003307.627:ERROR:in_progress_cache_impl.cc(191)] Cache is not initialized, cannot RetrieveEntry.
9월 03, 2018 24:33:07.63 [15224:14832:0903/003307.627:ERROR:in_progress_cache_impl.cc(191)] Cache is not initialized, cannot RetrieveEntry.
9월 03, 2018 24:33:07.63 [15224:14832:0903/003307.627:ERROR:in_progress_cache_impl.cc(191)] Cache is not initialized, cannot RetrieveEntry.
9월 03, 2018 24:33:07.63 [15224:14832:0903/003307.627:ERROR:in_progress_cache_impl.cc(191)] Cache is not initialized, cannot RetrieveEntry.
9월 03, 2018 24:33:07.63 [15224:14832:0903/003307.627:ERROR:in_progress_cache_impl.cc(191)] Cache is not initialized, cannot RetrieveEntry.
9월 03, 2018 24:33:07.63 [15224:14832:0903/003307.627:ERROR:in_progress_cache_impl.cc(191)] Cache is not initialized, cannot RetrieveEntry.
9월 03, 2018 24:33:07.63 [15224:14832:0903/003307.627:ERROR:in_progress_cache_impl.cc(191)] Cache is not initialized, cannot RetrieveEntry.
9월 03, 2018 24:33:07.63 [15224:14832:0903/003307.627:ERROR:in_progress_cache_impl.cc(191)] Cache is not initialized, cannot RetrieveEntry.
9월 03, 2018 24:33:07.63 [15224:14832:0903/003307.627:ERROR:in_progress_cache_impl.cc(191)] Cache is not initialized, cannot RetrieveEntry.
9월 03, 2018 24:33:07.63 [15224:14832:0903/003307.628:ERROR:in_progress_cache_impl.cc(191)] Cache is not initialized, cannot RetrieveEntry.
9월 03, 2018 24:33:07.64 [15224:14832:0903/003307.628:ERROR:in_progress_cache_impl.cc(191)] Cache is not initialized, cannot RetrieveEntry.
9월 03, 2018 24:33:07.64 [15224:14832:0903/003307.628:ERROR:in_progress_cache_impl.cc(191)] Cache is not initialized, cannot RetrieveEntry.
9월 03, 2018 24:33:07.64 [15224:14832:0903/003307.628:ERROR:in_progress_cache_impl.cc(191)] Cache is not initialized, cannot RetrieveEntry.
9월 03, 2018 24:33:07.65 [15224:14832:0903/003307.628:ERROR:in_progress_cache_impl.cc(191)] Cache is not initialized, cannot RetrieveEntry.
9월 03, 2018 24:33:07.65 [15224:14832:0903/003307.628:ERROR:in_progress_cache_impl.cc(191)] Cache is not initialized, cannot RetrieveEntry.
9월 03, 2018 24:33:07.65 [15224:14832:0903/003307.628:ERROR:in_progress_cache_impl.cc(191)] Cache is not initialized, cannot RetrieveEntry.
9월 03, 2018 24:33:52.14 Unable to read VR Path Registry from C:\Users\ph\AppData\Local\openvr\openvrpaths.vrpath
9월 03, 2018 24:33:54.52 
9월 03, 2018 24:33:54.53 KLIB_SelfTest return : KLR_OK
9월 03, 2018 24:34:19.29 
9월 03, 2018 24:34:19.29 KLIB_SelfTest return : KLR_OK

9월 06, 2018 23:23:23.49 NEW SESSION
9월 06, 2018 23:23:23.49 Unable to read VR Path Registry from C:\Users\ph\AppData\Local\openvr\openvrpaths.vrpath
9월 06, 2018 23:31:09.67 
9월 06, 2018 23:31:09.68 KLIB_SelfTest return : KLR_OK
9월 06, 2018 23:32:12.37 [14532:7376:0906/233212.370:ERROR:in_progress_cache_impl.cc(191)] Cache is not initialized, cannot RetrieveEntry.
9월 06, 2018 23:32:12.37 [14532:7376:0906/233212.370:ERROR:in_progress_cache_impl.cc(191)] Cache is not initialized, cannot RetrieveEntry.
9월 06, 2018 23:32:12.37 [14532:7376:0906/233212.370:ERROR:in_progress_cache_impl.cc(191)] Cache is not initialized, cannot RetrieveEntry.
9월 06, 2018 23:32:12.37 [14532:7376:0906/233212.370:ERROR:in_progress_cache_impl.cc(191)] Cache is not initialized, cannot RetrieveEntry.
9월 06, 2018 23:32:12.37 [14532:7376:0906/233212.370:ERROR:in_progress_cache_impl.cc(191)] Cache is not initialized, cannot RetrieveEntry.
9월 06, 2018 23:32:12.37 [14532:7376:0906/233212.370:ERROR:in_progress_cache_impl.cc(191)] Cache is not initialized, cannot RetrieveEntry.
9월 06, 2018 23:32:12.37 [14532:7376:0906/233212.370:ERROR:in_progress_cache_impl.cc(191)] Cache is not initialized, cannot RetrieveEntry.
9월 06, 2018 23:32:12.37 [14532:7376:0906/233212.370:ERROR:in_progress_cache_impl.cc(191)] Cache is not initialized, cannot RetrieveEntry.
9월 06, 2018 23:32:12.37 [14532:7376:0906/233212.370:ERROR:in_progress_cache_impl.cc(191)] Cache is not initialized, cannot RetrieveEntry.
9월 06, 2018 23:32:12.37 [14532:7376:0906/233212.370:ERROR:in_progress_cache_impl.cc(191)] Cache is not initialized, cannot RetrieveEntry.
9월 06, 2018 23:32:12.37 [14532:7376:0906/233212.370:ERROR:in_progress_cache_impl.cc(191)] Cache is not initialized, cannot RetrieveEntry.
9월 06, 2018 23:32:12.37 [14532:7376:0906/233212.370:ERROR:in_progress_cache_impl.cc(191)] Cache is not initialized, cannot RetrieveEntry.
9월 06, 2018 23:32:12.37 [14532:7376:0906/233212.370:ERROR:in_progress_cache_impl.cc(191)] Cache is not initialized, cannot RetrieveEntry.
9월 06, 2018 23:32:12.37 [14532:7376:0906/233212.370:ERROR:in_progress_cache_impl.cc(191)] Cache is not initialized, cannot RetrieveEntry.
9월 06, 2018 23:32:12.37 [14532:7376:0906/233212.370:ERROR:in_progress_cache_impl.cc(191)] Cache is not initialized, cannot RetrieveEntry.
9월 06, 2018 23:32:12.37 [14532:7376:0906/233212.370:ERROR:in_progress_cache_impl.cc(191)] Cache is not initialized, cannot RetrieveEntry.
9월 06, 2018 23:32:12.37 [14532:7376:0906/233212.370:ERROR:in_progress_cache_impl.cc(191)] Cache is not initialized, cannot RetrieveEntry.
9월 06, 2018 23:32:12.38 [14532:7376:0906/233212.370:ERROR:in_progress_cache_impl.cc(191)] Cache is not initialized, cannot RetrieveEntry.
9월 06, 2018 23:32:12.38 [14532:7376:0906/233212.370:ERROR:in_progress_cache_impl.cc(191)] Cache is not initialized, cannot RetrieveEntry.
9월 06, 2018 23:32:12.38 [14532:7376:0906/233212.370:ERROR:in_progress_cache_impl.cc(191)] Cache is not initialized, cannot RetrieveEntry.
9월 06, 2018 23:32:12.38 [14532:7376:0906/233212.370:ERROR:in_progress_cache_impl.cc(191)] Cache is not initialized, cannot RetrieveEntry.
9월 06, 2018 23:32:12.38 [14532:7376:0906/233212.370:ERROR:in_progress_cache_impl.cc(191)] Cache is not initialized, cannot RetrieveEntry.
9월 06, 2018 23:32:12.38 [14532:7376:0906/233212.370:ERROR:in_progress_cache_impl.cc(191)] Cache is not initialized, cannot RetrieveEntry.
9월 06, 2018 23:32:12.38 [14532:7376:0906/233212.370:ERROR:in_progress_cache_impl.cc(191)] Cache is not initialized, cannot RetrieveEntry.
9월 06, 2018 23:32:12.38 [14532:7376:0906/233212.370:ERROR:in_progress_cache_impl.cc(191)] Cache is not initialized, cannot RetrieveEntry.
9월 06, 2018 23:32:12.38 [14532:7376:0906/233212.370:ERROR:in_progress_cache_impl.cc(191)] Cache is not initialized, cannot RetrieveEntry.
9월 06, 2018 23:32:12.38 [14532:7376:0906/233212.370:ERROR:in_progress_cache_impl.cc(191)] Cache is not initialized, cannot RetrieveEntry.
9월 06, 2018 23:32:12.38 [14532:7376:0906/233212.370:ERROR:in_progress_cache_impl.cc(191)] Cache is not initialized, cannot RetrieveEntry.
9월 06, 2018 23:32:12.38 [14532:7376:0906/233212.370:ERROR:in_progress_cache_impl.cc(191)] Cache is not initialized, cannot RetrieveEntry.
9월 06, 2018 23:32:44.08 
9월 06, 2018 23:32:44.08 KLIB_SelfTest return : KLR_OK
9월 06, 2018 23:53:12.19 [13804:13612:0906/235312.191:ERROR:in_progress_cache_impl.cc(191)] Cache is not initialized, cannot RetrieveEntry.
9월 06, 2018 23:53:12.19 [13804:13612:0906/235312.191:ERROR:in_progress_cache_impl.cc(191)] Cache is not initialized, cannot RetrieveEntry.
9월 06, 2018 23:53:12.19 [13804:13612:0906/235312.192:ERROR:in_progress_cache_impl.cc(191)] Cache is not initialized, cannot RetrieveEntry.
9월 06, 2018 23:53:12.19 [13804:13612:0906/235312.192:ERROR:in_progress_cache_impl.cc(191)] Cache is not initialized, cannot RetrieveEntry.
9월 06, 2018 23:53:12.19 [13804:13612:0906/235312.192:ERROR:in_progress_cache_impl.cc(191)] Cache is not initialized, cannot RetrieveEntry.
9월 06, 2018 23:53:12.19 [13804:13612:0906/235312.192:ERROR:in_progress_cache_impl.cc(191)] Cache is not initialized, cannot RetrieveEntry.
9월 06, 2018 23:53:12.19 [13804:13612:0906/235312.192:ERROR:in_progress_cache_impl.cc(191)] Cache is not initialized, cannot RetrieveEntry.
9월 06, 2018 23:53:12.19 [13804:13612:0906/235312.192:ERROR:in_progress_cache_impl.cc(191)] Cache is not initialized, cannot RetrieveEntry.
9월 06, 2018 23:53:12.20 [13804:13612:0906/235312.192:ERROR:in_progress_cache_impl.cc(191)] Cache is not initialized, cannot RetrieveEntry.
9월 06, 2018 23:53:12.20 [13804:13612:0906/235312.192:ERROR:in_progress_cache_impl.cc(191)] Cache is not initialized, cannot RetrieveEntry.
9월 06, 2018 23:53:12.20 [13804:13612:0906/235312.192:ERROR:in_progress_cache_impl.cc(191)] Cache is not initialized, cannot RetrieveEntry.
9월 06, 2018 23:53:12.20 [13804:13612:0906/235312.192:ERROR:in_progress_cache_impl.cc(191)] Cache is not initialized, cannot RetrieveEntry.
9월 06, 2018 23:53:12.20 [13804:13612:0906/235312.192:ERROR:in_progress_cache_impl.cc(191)] Cache is not initialized, cannot RetrieveEntry.
9월 06, 2018 23:53:12.20 [13804:13612:0906/235312.192:ERROR:in_progress_cache_impl.cc(191)] Cache is not initialized, cannot RetrieveEntry.
9월 06, 2018 23:53:12.20 [13804:13612:0906/235312.207:ERROR:in_progress_cache_impl.cc(191)] Cache is not initialized, cannot RetrieveEntry.
9월 06, 2018 23:53:12.20 [13804:13612:0906/235312.207:ERROR:in_progress_cache_impl.cc(191)] Cache is not initialized, cannot RetrieveEntry.
9월 06, 2018 23:53:12.21 [13804:13612:0906/235312.207:ERROR:in_progress_cache_impl.cc(191)] Cache is not initialized, cannot RetrieveEntry.
9월 06, 2018 23:53:12.21 [13804:13612:0906/235312.207:ERROR:in_progress_cache_impl.cc(191)] Cache is not initialized, cannot RetrieveEntry.
9월 06, 2018 23:53:12.21 [13804:13612:0906/235312.207:ERROR:in_progress_cache_impl.cc(191)] Cache is not initialized, cannot RetrieveEntry.
9월 06, 2018 23:53:12.21 [13804:13612:0906/235312.207:ERROR:in_progress_cache_impl.cc(191)] Cache is not initialized, cannot RetrieveEntry.
9월 06, 2018 23:53:12.21 [13804:13612:0906/235312.207:ERROR:in_progress_cache_impl.cc(191)] Cache is not initialized, cannot RetrieveEntry.
9월 06, 2018 23:53:12.21 [13804:13612:0906/235312.207:ERROR:in_progress_cache_impl.cc(191)] Cache is not initialized, cannot RetrieveEntry.
9월 06, 2018 23:53:12.22 [13804:13612:0906/235312.207:ERROR:in_progress_cache_impl.cc(191)] Cache is not initialized, cannot RetrieveEntry.
9월 06, 2018 23:53:12.22 [13804:13612:0906/235312.207:ERROR:in_progress_cache_impl.cc(191)] Cache is not initialized, cannot RetrieveEntry.
9월 06, 2018 23:53:12.22 [13804:13612:0906/235312.207:ERROR:in_progress_cache_impl.cc(191)] Cache is not initialized, cannot RetrieveEntry.
9월 06, 2018 23:53:12.22 [13804:13612:0906/235312.207:ERROR:in_progress_cache_impl.cc(191)] Cache is not initialized, cannot RetrieveEntry.
9월 06, 2018 23:53:12.22 [13804:13612:0906/235312.207:ERROR:in_progress_cache_impl.cc(191)] Cache is not initialized, cannot RetrieveEntry.
9월 06, 2018 23:53:12.22 [13804:13612:0906/235312.207:ERROR:in_progress_cache_impl.cc(191)] Cache is not initialized, cannot RetrieveEntry.
9월 06, 2018 23:53:12.22 [13804:13612:0906/235312.207:ERROR:in_progress_cache_impl.cc(191)] Cache is not initialized, cannot RetrieveEntry.
9월 06, 2018 23:53:24.50 
9월 06, 2018 23:53:24.50 KLIB_SelfTest return : KLR_OK
9월 06, 2018 23:55:40.25 
9월 06, 2018 23:55:40.25 KLIB_SelfTest return : KLR_OK
9월 06, 2018 23:59:59.52 
9월 06, 2018 23:59:59.52 KLIB_SelfTest return : KLR_OK
9월 07, 2018 24:05:06.58 
9월 07, 2018 24:05:06.58 KLIB_SelfTest return : KLR_OK
9월 07, 2018 24:20:52.89 Unable to read VR Path Registry from C:\Users\ph\AppData\Local\openvr\openvrpaths.vrpath
9월 07, 2018 02:26:38.33 [8616:14516:0907/022638.331:ERROR:textfield.cc(1754)] NOT IMPLEMENTED
9월 07, 2018 03:10:59.91 [8616:12712:0907/031059.914:ERROR:socket_stream.cc(210)] Closing stream with result -100

9월 08, 2018 01:11:08.08 NEW SESSION
9월 08, 2018 01:11:08.08 
9월 08, 2018 01:11:08.08 KLIB_SelfTest return : KLR_OK
9월 08, 2018 01:11:52.19 
9월 08, 2018 01:11:52.19 KLIB_SelfTest return : KLR_OK

9월 08, 2018 14:39:54.08 NEW SESSION
9월 08, 2018 14:39:54.08 [15580:16624:0908/143954.076:ERROR:platform_sensor_reader_win.cc(242)] NOT IMPLEMENTED
9월 08, 2018 14:40:08.68 Unable to read VR Path Registry from C:\Users\ph\AppData\Local\openvr\openvrpaths.vrpath
9월 08, 2018 14:41:13.66 [15580:2164:0908/144113.667:ERROR:platform_sensor_reader_win.cc(242)] NOT IMPLEMENTED
9월 08, 2018 14:41:14.16 [15580:15584:0908/144114.163:ERROR:latency_info.cc(163)] Surface::TakeLatencyInfoFromFrame, LatencyInfo vector size 101 is too big.
9월 08, 2018 14:41:16.35 [15580:9908:0908/144116.353:ERROR:platform_sensor_reader_win.cc(242)] NOT IMPLEMENTED
9월 08, 2018 14:41:17.77 [15580:15584:0908/144117.779:ERROR:latency_info.cc(163)] Surface::TakeLatencyInfoFromFrame, LatencyInfo vector size 101 is too big.
9월 08, 2018 14:41:19.46 [15580:15584:0908/144119.462:ERROR:latency_info.cc(163)] Surface::TakeLatencyInfoFromFrame, LatencyInfo vector size 101 is too big.
9월 08, 2018 14:41:21.14 [15580:15584:0908/144121.145:ERROR:latency_info.cc(163)] Surface::TakeLatencyInfoFromFrame, LatencyInfo vector size 101 is too big.
9월 08, 2018 14:41:23.92 [15580:11952:0908/144123.927:ERROR:platform_sensor_reader_win.cc(242)] NOT IMPLEMENTED
9월 08, 2018 14:42:19.45 [15580:12360:0908/144219.454:ERROR:platform_sensor_reader_win.cc(242)] NOT IMPLEMENTED
9월 08, 2018 14:45:37.08 [15580:15668:0908/144537.087:ERROR:socket_dispatcher_host.cc(97)] Failed to resolve address for stun.budgetphone.nl., errorcode: -105
9월 08, 2018 14:45:37.08 [15580:15668:0908/144537.087:ERROR:socket_dispatcher_host.cc(97)] Failed to resolve address for stun.budgetphone.nl., errorcode: -105
9월 08, 2018 14:47:25.79 [15580:13916:0908/144725.791:ERROR:platform_sensor_reader_win.cc(242)] NOT IMPLEMENTED
9월 08, 2018 14:47:29.70 [15580:17312:0908/144729.700:ERROR:platform_sensor_reader_win.cc(242)] NOT IMPLEMENTED
9월 08, 2018 15:05:46.40 [15580:13024:0908/150546.405:ERROR:connection.cc(1890)] Cookie sqlite error 13, errno 0: database or disk is full, sql: UPDATE cookies SET last_access_utc=? WHERE name=? AND host_key=? AND path=?
9월 08, 2018 15:05:46.40 [15580:13024:0908/150546.405:ERROR:connection.cc(1890)] Cookie sqlite error 13, errno 0: database or disk is full, sql: UPDATE cookies SET last_access_utc=? WHERE name=? AND host_key=? AND path=?
9월 08, 2018 15:05:46.40 [15580:13024:0908/150546.405:ERROR:connection.cc(1890)] Cookie sqlite error 13, errno 0: database or disk is full, sql: UPDATE cookies SET last_access_utc=? WHERE name=? AND host_key=? AND path=?
9월 08, 2018 15:05:46.41 [15580:13024:0908/150546.405:ERROR:connection.cc(1890)] Cookie sqlite error 13, errno 0: database or disk is full, sql: UPDATE cookies SET last_access_utc=? WHERE name=? AND host_key=? AND path=?
9월 08, 2018 15:05:46.41 [15580:13024:0908/150546.405:ERROR:connection.cc(1890)] Cookie sqlite error 13, errno 0: database or disk is full, sql: UPDATE cookies SET last_access_utc=? WHERE name=? AND host_key=? AND path=?
9월 08, 2018 15:05:46.41 [15580:13024:0908/150546.405:ERROR:connection.cc(1890)] Cookie sqlite error 13, errno 0: database or disk is full, sql: UPDATE cookies SET last_access_utc=? WHERE name=? AND host_key=? AND path=?
9월 08, 2018 15:05:46.41 [15580:13024:0908/150546.405:ERROR:connection.cc(1890)] Cookie sqlite error 13, errno 0: database or disk is full, sql: UPDATE cookies SET last_access_utc=? WHERE name=? AND host_key=? AND path=?
9월 08, 2018 15:06:46.40 [15580:13024:0908/150646.405:ERROR:connection.cc(1890)] Cookie sqlite error 13, errno 0: database or disk is full, sql: UPDATE cookies SET last_access_utc=? WHERE name=? AND host_key=? AND path=?
9월 08, 2018 15:06:46.40 [15580:13024:0908/150646.405:ERROR:connection.cc(1890)] Cookie sqlite error 13, errno 0: database or disk is full, sql: UPDATE cookies SET last_access_utc=? WHERE name=? AND host_key=? AND path=?
9월 08, 2018 15:06:46.40 [15580:13024:0908/150646.405:ERROR:connection.cc(1890)] Cookie sqlite error 13, errno 0: database or disk is full, sql: UPDATE cookies SET last_access_utc=? WHERE name=? AND host_key=? AND path=?
9월 08, 2018 16:33:25.36 
9월 08, 2018 16:33:25.37 KLIB_SelfTest return : KLR_OK

9월 09, 2018 01:44:33.24 NEW SESSION
9월 09, 2018 01:44:33.24 Unable to read VR Path Registry from C:\Users\ph\AppData\Local\openvr\openvrpaths.vrpath
9월 09, 2018 02:15:39.68 
9월 09, 2018 02:15:39.69 KLIB_SelfTest return : KLR_OK
9월 09, 2018 02:16:54.04 Unable to read VR Path Registry from C:\Users\ph\AppData\Local\openvr\openvrpaths.vrpath
9월 09, 2018 02:25:02.82 
9월 09, 2018 02:25:02.82 KLIB_SelfTest return : KLR_OK
9월 09, 2018 02:26:17.55 Unable to read VR Path Registry from C:\Users\ph\AppData\Local\openvr\openvrpaths.vrpath
9월 09, 2018 02:26:19.22 
9월 09, 2018 02:26:19.22 KLIB_SelfTest return : KLR_OK
9월 09, 2018 02:27:22.92 
9월 09, 2018 02:27:22.92 KLIB_SelfTest return : KLR_OK
9월 09, 2018 02:28:34.28 Unable to read VR Path Registry from C:\Users\ph\AppData\Local\openvr\openvrpaths.vrpath
9월 09, 2018 02:50:21.48 
9월 09, 2018 02:50:21.48 KLIB_SelfTest return : KLR_OK
9월 09, 2018 02:51:25.39 Unable to read VR Path Registry from C:\Users\ph\AppData\Local\openvr\openvrpaths.vrpath
9월 09, 2018 02:58:40.78 [14028:8076:0909/025840.779:ERROR:latency_info.cc(163)] Surface::TakeLatencyInfoFromFrame, LatencyInfo vector size 102 is too big.
9월 09, 2018 02:58:43.14 [14028:8076:0909/025843.145:ERROR:latency_info.cc(163)] Surface::TakeLatencyInfoFromFrame, LatencyInfo vector size 102 is too big.
9월 09, 2018 02:58:47.37 [14028:8076:0909/025847.378:ERROR:latency_info.cc(163)] Surface::TakeLatencyInfoFromFrame, LatencyInfo vector size 102 is too big.
9월 09, 2018 02:58:48.22 [14028:8076:0909/025848.228:ERROR:latency_info.cc(163)] Surface::TakeLatencyInfoFromFrame, LatencyInfo vector size 102 is too big.
9월 09, 2018 02:58:52.52 [14028:8076:0909/025852.528:ERROR:latency_info.cc(163)] Surface::TakeLatencyInfoFromFrame, LatencyInfo vector size 102 is too big.
9월 09, 2018 03:02:22.06 [14028:8076:0909/030222.068:ERROR:textfield.cc(1754)] NOT IMPLEMENTED

9월 09, 2018 11:16:06.01 NEW SESSION
9월 09, 2018 11:16:06.01 Unable to read VR Path Registry from C:\Users\ph\AppData\Local\openvr\openvrpaths.vrpath
9월 09, 2018 11:31:28.83 [9264:9252:0909/113128.829:ERROR:textfield.cc(1754)] NOT IMPLEMENTED
9월 09, 2018 12:58:30.18 [9264:9252:0909/125830.186:ERROR:latency_info.cc(163)] Surface::TakeLatencyInfoFromFrame, LatencyInfo vector size 102 is too big.
9월 09, 2018 12:58:30.45 [9264:9252:0909/125830.450:ERROR:latency_info.cc(163)] Surface::TakeLatencyInfoFromFrame, LatencyInfo vector size 102 is too big.
9월 09, 2018 12:58:31.62 [9264:9252:0909/125831.622:ERROR:latency_info.cc(163)] Surface::TakeLatencyInfoFromFrame, LatencyInfo vector size 102 is too big.
9월 09, 2018 12:58:31.93 [9264:9252:0909/125831.939:ERROR:latency_info.cc(163)] Surface::TakeLatencyInfoFromFrame, LatencyInfo vector size 102 is too big.
9월 09, 2018 12:58:32.84 [9264:9252:0909/125832.848:ERROR:latency_info.cc(163)] Surface::TakeLatencyInfoFromFrame, LatencyInfo vector size 102 is too big.
9월 09, 2018 12:58:33.17 [9264:9252:0909/125833.170:ERROR:latency_info.cc(163)] Surface::TakeLatencyInfoFromFrame, LatencyInfo vector size 102 is too big.
9월 09, 2018 12:58:34.01 [9264:9252:0909/125834.015:ERROR:latency_info.cc(163)] Surface::TakeLatencyInfoFromFrame, LatencyInfo vector size 102 is too big.
9월 09, 2018 12:58:34.28 [9264:9252:0909/125834.282:ERROR:latency_info.cc(163)] Surface::TakeLatencyInfoFromFrame, LatencyInfo vector size 102 is too big.
9월 09, 2018 12:58:35.15 [9264:9252:0909/125835.157:ERROR:latency_info.cc(163)] Surface::TakeLatencyInfoFromFrame, LatencyInfo vector size 102 is too big.
9월 09, 2018 12:58:35.43 [9264:9252:0909/125835.429:ERROR:latency_info.cc(163)] Surface::TakeLatencyInfoFromFrame, LatencyInfo vector size 102 is too big.
9월 09, 2018 12:58:36.33 [9264:9252:0909/125836.336:ERROR:latency_info.cc(163)] Surface::TakeLatencyInfoFromFrame, LatencyInfo vector size 102 is too big.
9월 09, 2018 12:58:36.79 [9264:9252:0909/125836.795:ERROR:latency_info.cc(163)] Surface::TakeLatencyInfoFromFrame, LatencyInfo vector size 102 is too big.
9월 09, 2018 12:58:38.02 [9264:9252:0909/125838.029:ERROR:latency_info.cc(163)] Surface::TakeLatencyInfoFromFrame, LatencyInfo vector size 102 is too big.
9월 09, 2018 12:58:38.51 [9264:9252:0909/125838.515:ERROR:latency_info.cc(163)] Surface::TakeLatencyInfoFromFrame, LatencyInfo vector size 102 is too big.
9월 09, 2018 12:58:39.60 [9264:9252:0909/125839.607:ERROR:latency_info.cc(163)] Surface::TakeLatencyInfoFromFrame, LatencyInfo vector size 102 is too big.
9월 09, 2018 12:58:39.96 [9264:9252:0909/125839.964:ERROR:latency_info.cc(163)] Surface::TakeLatencyInfoFromFrame, LatencyInfo vector size 102 is too big.
9월 09, 2018 12:58:41.03 [9264:9252:0909/125841.038:ERROR:latency_info.cc(163)] Surface::TakeLatencyInfoFromFrame, LatencyInfo vector size 102 is too big.
9월 09, 2018 12:58:41.32 [9264:9252:0909/125841.329:ERROR:latency_info.cc(163)] Surface::TakeLatencyInfoFromFrame, LatencyInfo vector size 102 is too big.
9월 09, 2018 12:58:42.26 [9264:9252:0909/125842.263:ERROR:latency_info.cc(163)] Surface::TakeLatencyInfoFromFrame, LatencyInfo vector size 102 is too big.
9월 09, 2018 12:58:42.51 [9264:9252:0909/125842.515:ERROR:latency_info.cc(163)] Surface::TakeLatencyInfoFromFrame, LatencyInfo vector size 102 is too big.
9월 09, 2018 12:58:43.45 [9264:9252:0909/125843.449:ERROR:latency_info.cc(163)] Surface::TakeLatencyInfoFromFrame, LatencyInfo vector size 102 is too big.
9월 09, 2018 12:58:43.69 [9264:9252:0909/125843.696:ERROR:latency_info.cc(163)] Surface::TakeLatencyInfoFromFrame, LatencyInfo vector size 102 is too big.
9월 09, 2018 12:58:44.73 [9264:9252:0909/125844.736:ERROR:latency_info.cc(163)] Surface::TakeLatencyInfoFromFrame, LatencyInfo vector size 102 is too big.
9월 09, 2018 12:58:44.98 [9264:9252:0909/125844.988:ERROR:latency_info.cc(163)] Surface::TakeLatencyInfoFromFrame, LatencyInfo vector size 102 is too big.
9월 09, 2018 12:58:45.92 [9264:9252:0909/125845.919:ERROR:latency_info.cc(163)] Surface::TakeLatencyInfoFromFrame, LatencyInfo vector size 102 is too big.
9월 09, 2018 12:58:46.19 [9264:9252:0909/125846.198:ERROR:latency_info.cc(163)] Surface::TakeLatencyInfoFromFrame, LatencyInfo vector size 102 is too big.
9월 09, 2018 12:58:47.26 [9264:9252:0909/125847.263:ERROR:latency_info.cc(163)] Surface::TakeLatencyInfoFromFrame, LatencyInfo vector size 102 is too big.
9월 09, 2018 12:58:47.51 [9264:9252:0909/125847.516:ERROR:latency_info.cc(163)] Surface::TakeLatencyInfoFromFrame, LatencyInfo vector size 102 is too big.
9월 09, 2018 12:58:48.41 [9264:9252:0909/125848.410:ERROR:latency_info.cc(163)] Surface::TakeLatencyInfoFromFrame, LatencyInfo vector size 102 is too big.
9월 09, 2018 12:58:48.70 [9264:9252:0909/125848.700:ERROR:latency_info.cc(163)] Surface::TakeLatencyInfoFromFrame, LatencyInfo vector size 102 is too big.
9월 09, 2018 12:58:49.58 [9264:9252:0909/125849.587:ERROR:latency_info.cc(163)] Surface::TakeLatencyInfoFromFrame, LatencyInfo vector size 102 is too big.
9월 09, 2018 12:58:49.90 [9264:9252:0909/125849.906:ERROR:latency_info.cc(163)] Surface::TakeLatencyInfoFromFrame, LatencyInfo vector size 102 is too big.
9월 09, 2018 12:58:51.09 [9264:9252:0909/125851.093:ERROR:latency_info.cc(163)] Surface::TakeLatencyInfoFromFrame, LatencyInfo vector size 102 is too big.
9월 09, 2018 12:58:51.74 [9264:9252:0909/125851.746:ERROR:latency_info.cc(163)] Surface::TakeLatencyInfoFromFrame, LatencyInfo vector size 102 is too big.
9월 09, 2018 12:58:53.46 [9264:9252:0909/125853.462:ERROR:latency_info.cc(163)] Surface::TakeLatencyInfoFromFrame, LatencyInfo vector size 102 is too big.
9월 09, 2018 13:40:00.77 [9264:164:0909/134000.775:ERROR:ssl_client_socket_impl.cc(996)] handshake failed; returned -1, SSL error code 1, net_error -103
9월 09, 2018 14:10:20.92 
9월 09, 2018 14:10:20.92 KLIB_SelfTest return : KLR_OK
9월 09, 2018 14:17:03.92 
9월 09, 2018 14:17:03.92 KLIB_SelfTest return : KLR_OK
9월 09, 2018 14:18:20.03 Unable to read VR Path Registry from C:\Users\ph\AppData\Local\openvr\openvrpaths.vrpath
9월 09, 2018 14:38:00.96 
9월 09, 2018 14:38:00.96 KLIB_SelfTest return : KLR_OK
